<?xml version="1.0" encoding="UTF-8"?>
<testng-results ignored="0" total="3" passed="3" failed="0" skipped="0">
  <reporter-output>
  </reporter-output>
  <suite started-at="2026-03-26T21:00:04 IST" name="Surefire suite" finished-at="2026-03-26T21:00:17 IST" duration-ms="13750">
    <groups>
    </groups>
    <test started-at="2026-03-26T21:00:04 IST" name="Surefire test" finished-at="2026-03-26T21:00:17 IST" duration-ms="13750">
      <class name="sdet.AppTest">
        <test-method signature="testlogin1()[pri:0, instance:sdet.AppTest@41ee392b]" started-at="2026-03-26T21:00:04 IST" name="testlogin1" finished-at="2026-03-26T21:00:04 IST" duration-ms="21" status="PASS">
          <reporter-output>
          </reporter-output>
        </test-method> <!-- testlogin1 -->
        <test-method signature="testlogin2()[pri:0, instance:sdet.AppTest@41ee392b]" started-at="2026-03-26T21:00:04 IST" name="testlogin2" finished-at="2026-03-26T21:00:04 IST" duration-ms="1" status="PASS">
          <reporter-output>
          </reporter-output>
        </test-method> <!-- testlogin2 -->
      </class> <!-- sdet.AppTest -->
      <class name="sdet.SeleniumTest">
        <test-method signature="f()[pri:0, instance:sdet.SeleniumTest@525f1e4e]" started-at="2026-03-26T21:00:04 IST" name="f" finished-at="2026-03-26T21:00:17 IST" duration-ms="13684" status="PASS">
          <reporter-output>
          </reporter-output>
        </test-method> <!-- f -->
      </class> <!-- sdet.SeleniumTest -->
    </test> <!-- Surefire test -->
  </suite> <!-- Surefire suite -->
</testng-results>
