<?xml version="1.0" encoding="UTF-8"?>
<testng-results ignored="0" total="3" passed="3" failed="0" skipped="0">
  <reporter-output>
  </reporter-output>
  <suite started-at="2026-03-20T16:00:27 IST" name="Suite" finished-at="2026-03-20T16:00:39 IST" duration-ms="12191">
    <groups>
    </groups>
    <test started-at="2026-03-20T16:00:27 IST" name="Test" finished-at="2026-03-20T16:00:39 IST" duration-ms="12191">
      <class name="sdet.SeleniumTest">
        <test-method signature="f()[pri:0, instance:sdet.SeleniumTest@5656be13]" started-at="2026-03-20T16:00:27 IST" name="f" finished-at="2026-03-20T16:00:39 IST" duration-ms="12048" status="PASS">
          <reporter-output>
          </reporter-output>
        </test-method> <!-- f -->
      </class> <!-- sdet.SeleniumTest -->
      <class name="sdet.AppTest">
        <test-method signature="testlogin1()[pri:0, instance:sdet.AppTest@7b2bbc3]" started-at="2026-03-20T16:00:27 IST" name="testlogin1" finished-at="2026-03-20T16:00:27 IST" duration-ms="29" status="PASS">
          <reporter-output>
          </reporter-output>
        </test-method> <!-- testlogin1 -->
        <test-method signature="testlogin2()[pri:0, instance:sdet.AppTest@7b2bbc3]" started-at="2026-03-20T16:00:27 IST" name="testlogin2" finished-at="2026-03-20T16:00:27 IST" duration-ms="15" status="PASS">
          <reporter-output>
          </reporter-output>
        </test-method> <!-- testlogin2 -->
      </class> <!-- sdet.AppTest -->
    </test> <!-- Test -->
  </suite> <!-- Suite -->
</testng-results>
